#
# There is insufficient memory for the Java Runtime Environment to continue.
# Native memory allocation (malloc) failed to allocate 32744 bytes for ChunkPool::allocate
# Possible reasons:
#   The system is out of physical RAM or swap space
#   The process is running with CompressedOops enabled, and the Java Heap may be blocking the growth of the native heap
# Possible solutions:
#   Reduce memory load on the system
#   Increase physical memory or swap space
#   Check if swap backing store is full
#   Decrease Java heap size (-Xmx/-Xms)
#   Decrease number of Java threads
#   Decrease Java thread stack sizes (-Xss)
#   Set larger code cache with -XX:ReservedCodeCacheSize=
#   JVM is running with Unscaled Compressed Oops mode in which the Java heap is
#     placed in the first 4GB address space. The Java Heap base address is the
#     maximum limit for the native heap growth. Please use -XX:HeapBaseMinAddress
#     to set the Java Heap base and to place the Java Heap above 4GB virtual address.
# This output file may be truncated or incomplete.
#
#  Out of Memory Error (./src/hotspot/share/memory/arena.cpp:81), pid=4540, tid=8012
#
# JRE version: OpenJDK Runtime Environment AdoptOpenJDK-11.0.11+9 (11.0.11+9) (build 11.0.11+9)
# Java VM: OpenJDK 64-Bit Server VM AdoptOpenJDK-11.0.11+9 (11.0.11+9, mixed mode, tiered, compressed oops, parallel gc, windows-amd64)
# No core dump will be written. Minidumps are not enabled by default on client versions of Windows
#

---------------  S U M M A R Y ------------

Command Line: --add-modules=ALL-SYSTEM --add-opens=java.base/java.util=ALL-UNNAMED --add-opens=java.base/java.lang=ALL-UNNAMED -Declipse.application=org.eclipse.jdt.ls.core.id1 -Dosgi.bundles.defaultStartLevel=4 -Declipse.product=org.eclipse.jdt.ls.core.product -Dfile.encoding=utf8 -DwatchParentProcess=false -XX:+UseParallelGC -XX:GCTimeRatio=4 -XX:AdaptiveSizePolicyWeight=90 -Dsun.zip.disableMemoryMapping=true -Xmx1G -Xms100m -Xverify:none c:\Users\LORENA\.vscode\extensions\redhat.java-0.80.0\server\plugins\org.eclipse.equinox.launcher_1.6.200.v20210416-2027.jar -configuration c:\Users\LORENA\AppData\Roaming\Code\User\globalStorage\redhat.java\0.80.0\config_win -data c:\Users\LORENA\AppData\Roaming\Code\User\workspaceStorage\2366743ed94966f7dc0ab6664a00cc47\redhat.java\jdt_ws

Host: Intel(R) Pentium(R) CPU N4200 @ 1.10GHz, 4 cores, 3G,  Windows 10 , 64 bit Build 19041 (10.0.19041.1023)
Time: Sat Jul  3 18:48:43 2021 Hora est. Pacífico, Sudamérica elapsed time: 18.178633 seconds (0d 0h 0m 18s)

---------------  T H R E A D  ---------------

Current thread (0x000002437718b800):  JavaThread "C2 CompilerThread0" daemon [_thread_in_native, id=8012, stack(0x0000009a2de00000,0x0000009a2df00000)]


Current CompileTask:
C2:  18178 1214       4       java.io.WinNTFileSystem::normalize (143 bytes)

Stack: [0x0000009a2de00000,0x0000009a2df00000]
Native frames: (J=compiled Java code, j=interpreted, Vv=VM code, C=native code)
V  [jvm.dll+0x5f7e5a]
V  [jvm.dll+0x77ff2e]
V  [jvm.dll+0x7815ff]
V  [jvm.dll+0x781cc3]
V  [jvm.dll+0x247408]
V  [jvm.dll+0xbea3b]
V  [jvm.dll+0xbe80d]
V  [jvm.dll+0x5d5e5f]
V  [jvm.dll+0x6287a3]
V  [jvm.dll+0x1993ad]
V  [jvm.dll+0x200e92]
V  [jvm.dll+0x1fff6f]
V  [jvm.dll+0x184f1c]
V  [jvm.dll+0x20f3e7]
V  [jvm.dll+0x20d5cb]
V  [jvm.dll+0x7442f9]
V  [jvm.dll+0x73d364]
V  [jvm.dll+0x5f6cd6]
C  [ucrtbase.dll+0x21bb2]
C  [KERNEL32.DLL+0x17034]
C  [ntdll.dll+0x52651]


---------------  P R O C E S S  ---------------

Threads class SMR info:
_java_thread_list=0x00000243789feee0, length=11, elements={
0x000002435d0c6800, 0x000002435d198800, 0x000002437717c000, 0x0000024378332800,
0x0000024378333800, 0x0000024377185800, 0x000002437718b800, 0x0000024377192000,
0x00000243771ce000, 0x000002437844f000, 0x00000243784e8000
}

Java Threads: ( => current thread )
  0x000002435d0c6800 JavaThread "main" [_thread_in_native, id=6076, stack(0x0000009a2d600000,0x0000009a2d700000)]
  0x000002435d198800 JavaThread "Reference Handler" daemon [_thread_blocked, id=11256, stack(0x0000009a2d900000,0x0000009a2da00000)]
  0x000002437717c000 JavaThread "Finalizer" daemon [_thread_blocked, id=9804, stack(0x0000009a2da00000,0x0000009a2db00000)]
  0x0000024378332800 JavaThread "Signal Dispatcher" daemon [_thread_blocked, id=5256, stack(0x0000009a2db00000,0x0000009a2dc00000)]
  0x0000024378333800 JavaThread "Attach Listener" daemon [_thread_blocked, id=1300, stack(0x0000009a2dc00000,0x0000009a2dd00000)]
  0x0000024377185800 JavaThread "Service Thread" daemon [_thread_blocked, id=10232, stack(0x0000009a2dd00000,0x0000009a2de00000)]
=>0x000002437718b800 JavaThread "C2 CompilerThread0" daemon [_thread_in_native, id=8012, stack(0x0000009a2de00000,0x0000009a2df00000)]
  0x0000024377192000 JavaThread "C1 CompilerThread0" daemon [_thread_blocked, id=8668, stack(0x0000009a2df00000,0x0000009a2e000000)]
  0x00000243771ce000 JavaThread "Sweeper thread" daemon [_thread_blocked, id=6040, stack(0x0000009a2e000000,0x0000009a2e100000)]
  0x000002437844f000 JavaThread "Common-Cleaner" daemon [_thread_blocked, id=5460, stack(0x0000009a2e100000,0x0000009a2e200000)]
  0x00000243784e8000 JavaThread "Active Thread: Equinox Container: 942e99fa-d41f-4a8c-8d93-dd00a0f9624d" [_thread_blocked, id=11824, stack(0x0000009a2e300000,0x0000009a2e400000)]

Other Threads:
  0x000002435d194000 VMThread "VM Thread" [stack: 0x0000009a2d800000,0x0000009a2d900000] [id=4224]
  0x00000243785b0000 WatcherThread [stack: 0x0000009a2e200000,0x0000009a2e300000] [id=3624]
  0x000002435b0fc000 GCTaskThread "ParGC Thread#0" [stack: 0x0000009a2d700000,0x0000009a2d800000] [id=12076]

Threads with active compile tasks:
C2 CompilerThread0  18748 1214       4       java.io.WinNTFileSystem::normalize (143 bytes)

VM state:not at safepoint (normal execution)

VM Mutex/Monitor currently owned by a thread: None

Heap address: 0x00000000c0000000, size: 1024 MB, Compressed Oops mode: 32-bit
Narrow klass base: 0x0000000000000000, Narrow klass shift: 3
Compressed class space size: 1073741824 Address: 0x0000000100000000

Heap:
 PSYoungGen      total 29696K, used 24953K [0x00000000eab00000, 0x00000000ecc00000, 0x0000000100000000)
  eden space 25600K, 97% used [0x00000000eab00000,0x00000000ec35e690,0x00000000ec400000)
  from space 4096K, 0% used [0x00000000ec800000,0x00000000ec800000,0x00000000ecc00000)
  to   space 4096K, 0% used [0x00000000ec400000,0x00000000ec400000,0x00000000ec800000)
 ParOldGen       total 68608K, used 0K [0x00000000c0000000, 0x00000000c4300000, 0x00000000eab00000)
  object space 68608K, 0% used [0x00000000c0000000,0x00000000c0000000,0x00000000c4300000)
 Metaspace       used 13133K, capacity 13429K, committed 13568K, reserved 1060864K
  class space    used 1197K, capacity 1260K, committed 1280K, reserved 1048576K

Card table byte_map: [0x000002435ca80000,0x000002435cc90000] _byte_map_base: 0x000002435c480000

Marking Bits: (ParMarkBitMap*) 0x00007ffd1ec3d340
 Begin Bits: [0x00000243747d0000, 0x00000243757d0000)
 End Bits:   [0x00000243757d0000, 0x00000243767d0000)

Polling page: 0x000002435afd0000

Metaspace:

Usage:
  Non-class:     11.88 MB capacity,    11.66 MB ( 98%) used,   215.17 KB (  2%) free+waste,    17.50 KB ( <1%) overhead. 
      Class:      1.23 MB capacity,     1.17 MB ( 95%) used,    55.46 KB (  4%) free+waste,     7.50 KB ( <1%) overhead. 
       Both:     13.11 MB capacity,    12.83 MB ( 98%) used,   270.63 KB (  2%) free+waste,    25.00 KB ( <1%) overhead. 

Virtual space:
  Non-class space:       12.00 MB reserved,      12.00 MB (100%) committed 
      Class space:        1.00 GB reserved,       1.25 MB ( <1%) committed 
             Both:        1.01 GB reserved,      13.25 MB (  1%) committed 

Chunk freelists:
   Non-Class:  55.00 KB
       Class:  20.00 KB
        Both:  75.00 KB

MaxMetaspaceSize: 17179869184.00 GB
CompressedClassSpaceSize: 1.00 GB

CodeHeap 'non-profiled nmethods': size=120064Kb used=371Kb max_used=371Kb free=119692Kb
 bounds [0x000002436d290000, 0x000002436d500000, 0x00000243747d0000]
CodeHeap 'profiled nmethods': size=120000Kb used=2282Kb max_used=2282Kb free=117717Kb
 bounds [0x0000024365d60000, 0x0000024365fd0000, 0x000002436d290000]
CodeHeap 'non-nmethods': size=5696Kb used=1075Kb max_used=1087Kb free=4621Kb
 bounds [0x00000243657d0000, 0x0000024365a40000, 0x0000024365d60000]
 total_blobs=1628 nmethods=1238 adapters=304
 compilation: enabled
              stopped_count=0, restarted_count=0
 full_count=0

Compilation events (20 events):
Event: 17.894 Thread 0x0000024377192000 1207       3       java.net.URL::toLowerCase (37 bytes)
Event: 17.895 Thread 0x0000024377192000 nmethod 1207 0x0000024365f71b90 code [0x0000024365f71da0, 0x0000024365f72228]
Event: 17.923 Thread 0x0000024377192000 1208       3       java.lang.System::getProperty (25 bytes)
Event: 17.924 Thread 0x0000024377192000 nmethod 1208 0x0000024365f72390 code [0x0000024365f725e0, 0x0000024365f72d58]
Event: 17.978 Thread 0x0000024377192000 1209       3       org.eclipse.osgi.framework.util.SecureAction::getProperty (31 bytes)
Event: 17.978 Thread 0x000002437718b800 1210       4       java.lang.StringLatin1::inflate (34 bytes)
Event: 17.979 Thread 0x0000024377192000 nmethod 1209 0x0000024365f73010 code [0x0000024365f73260, 0x0000024365f73a38]
Event: 17.985 Thread 0x0000024377192000 1213       3       org.eclipse.osgi.internal.framework.EquinoxConfiguration$ConfigValues::internalGet (24 bytes)
Event: 17.986 Thread 0x000002437718b800 nmethod 1210 0x000002436d2ec290 code [0x000002436d2ec420, 0x000002436d2ec698]
Event: 17.986 Thread 0x000002437718b800 1212       4       sun.nio.fs.WindowsPathParser::isSlash (18 bytes)
Event: 17.986 Thread 0x0000024377192000 nmethod 1213 0x0000024365f73d10 code [0x0000024365f73f80, 0x0000024365f74908]
Event: 17.987 Thread 0x000002437718b800 nmethod 1212 0x000002436d2ec790 code [0x000002436d2ec920, 0x000002436d2ec978]
Event: 17.987 Thread 0x000002437718b800 1211       4       java.lang.AbstractStringBuilder::<init> (39 bytes)
Event: 17.989 Thread 0x000002437718b800 nmethod 1211 0x000002436d2eca10 code [0x000002436d2ecba0, 0x000002436d2eccf8]
Event: 18.004 Thread 0x000002437718b800 1214       4       java.io.WinNTFileSystem::normalize (143 bytes)
Event: 18.066 Thread 0x0000024377192000 1216       3       java.io.File::isAbsolute (8 bytes)
Event: 18.067 Thread 0x0000024377192000 nmethod 1216 0x0000024365f74c10 code [0x0000024365f74dc0, 0x0000024365f74f08]
Event: 18.067 Thread 0x0000024377192000 1217       3       java.io.WinNTFileSystem::isAbsolute (36 bytes)
Event: 18.068 Thread 0x0000024377192000 nmethod 1217 0x0000024365f74f90 code [0x0000024365f751c0, 0x0000024365f75858]
Event: 18.073 Thread 0x0000024377192000 1218   !   3       java.net.URL::getURLStreamHandler (191 bytes)

GC Heap History (0 events):
No events

Deoptimization events (20 events):
Event: 16.931 Thread 0x000002435d0c6800 Uncommon trap: trap_request=0xffffffc6 fr.pc=0x000002436d299e14 relative=0x0000000000000074
Event: 16.931 Thread 0x000002435d0c6800 Uncommon trap: reason=bimorphic_or_optimized_type_check action=maybe_recompile pc=0x000002436d299e14 method=java.util.AbstractCollection.isEmpty()Z @ 1 c2
Event: 16.931 Thread 0x000002435d0c6800 DEOPT PACKING pc=0x000002436d299e14 sp=0x0000009a2d6fc260
Event: 16.931 Thread 0x000002435d0c6800 DEOPT UNPACKING pc=0x00000243657f5aa9 sp=0x0000009a2d6fc1f0 mode 2
Event: 16.934 Thread 0x000002435d0c6800 Uncommon trap: trap_request=0xffffffde fr.pc=0x000002436d2dd600 relative=0x0000000000000840
Event: 16.935 Thread 0x000002435d0c6800 Uncommon trap: reason=class_check action=maybe_recompile pc=0x000002436d2dd600 method=java.util.HashMap.putVal(ILjava/lang/Object;Ljava/lang/Object;ZZ)Ljava/lang/Object; @ 253 c2
Event: 16.935 Thread 0x000002435d0c6800 DEOPT PACKING pc=0x000002436d2dd600 sp=0x0000009a2d6fc280
Event: 16.935 Thread 0x000002435d0c6800 DEOPT UNPACKING pc=0x00000243657f5aa9 sp=0x0000009a2d6fc198 mode 2
Event: 16.935 Thread 0x000002435d0c6800 Uncommon trap: trap_request=0xffffffc6 fr.pc=0x000002436d299e14 relative=0x0000000000000074
Event: 16.935 Thread 0x000002435d0c6800 Uncommon trap: reason=bimorphic_or_optimized_type_check action=maybe_recompile pc=0x000002436d299e14 method=java.util.AbstractCollection.isEmpty()Z @ 1 c2
Event: 16.935 Thread 0x000002435d0c6800 DEOPT PACKING pc=0x000002436d299e14 sp=0x0000009a2d6fc260
Event: 16.935 Thread 0x000002435d0c6800 DEOPT UNPACKING pc=0x00000243657f5aa9 sp=0x0000009a2d6fc1f0 mode 2
Event: 16.937 Thread 0x000002435d0c6800 Uncommon trap: trap_request=0xffffffde fr.pc=0x000002436d2dbb10 relative=0x00000000000006f0
Event: 16.937 Thread 0x000002435d0c6800 Uncommon trap: reason=class_check action=maybe_recompile pc=0x000002436d2dbb10 method=java.util.HashMap.putVal(ILjava/lang/Object;Ljava/lang/Object;ZZ)Ljava/lang/Object; @ 253 c2
Event: 16.937 Thread 0x000002435d0c6800 DEOPT PACKING pc=0x000002436d2dbb10 sp=0x0000009a2d6fc0f0
Event: 16.937 Thread 0x000002435d0c6800 DEOPT UNPACKING pc=0x00000243657f5aa9 sp=0x0000009a2d6fc090 mode 2
Event: 16.937 Thread 0x000002435d0c6800 Uncommon trap: trap_request=0xffffffc6 fr.pc=0x000002436d299e14 relative=0x0000000000000074
Event: 16.937 Thread 0x000002435d0c6800 Uncommon trap: reason=bimorphic_or_optimized_type_check action=maybe_recompile pc=0x000002436d299e14 method=java.util.AbstractCollection.isEmpty()Z @ 1 c2
Event: 16.937 Thread 0x000002435d0c6800 DEOPT PACKING pc=0x000002436d299e14 sp=0x0000009a2d6fc160
Event: 16.937 Thread 0x000002435d0c6800 DEOPT UNPACKING pc=0x00000243657f5aa9 sp=0x0000009a2d6fc0f0 mode 2

Classes redefined (0 events):
No events

Internal exceptions (20 events):
Event: 7.529 Thread 0x000002435d0c6800 Exception <a 'java/lang/ClassNotFoundException'{0x00000000eaff0238}: sun/net/www/protocol/c/Handler> (0x00000000eaff0238) thrown at [./src/hotspot/share/classfile/systemDictionary.cpp, line 231]
Event: 7.968 Thread 0x000002435d0c6800 Exception <a 'java/io/FileNotFoundException'{0x00000000eb0069a8}> (0x00000000eb0069a8) thrown at [./src/hotspot/share/prims/jni.cpp, line 615]
Event: 7.970 Thread 0x000002435d0c6800 Exception <a 'java/io/FileNotFoundException'{0x00000000eb0077c0}> (0x00000000eb0077c0) thrown at [./src/hotspot/share/prims/jni.cpp, line 615]
Event: 7.971 Thread 0x000002435d0c6800 Exception <a 'java/io/FileNotFoundException'{0x00000000eb008498}> (0x00000000eb008498) thrown at [./src/hotspot/share/prims/jni.cpp, line 615]
Event: 7.972 Thread 0x000002435d0c6800 Exception <a 'java/io/FileNotFoundException'{0x00000000eb009180}> (0x00000000eb009180) thrown at [./src/hotspot/share/prims/jni.cpp, line 615]
Event: 8.121 Thread 0x000002435d0c6800 Exception <a 'java/io/FileNotFoundException'{0x00000000eb0252b0}> (0x00000000eb0252b0) thrown at [./src/hotspot/share/prims/jni.cpp, line 615]
Event: 9.826 Thread 0x000002435d0c6800 Exception <a 'java/lang/ClassNotFoundException'{0x00000000eb772988}: sun/net/www/protocol/c/Handler> (0x00000000eb772988) thrown at [./src/hotspot/share/classfile/systemDictionary.cpp, line 231]
Event: 9.827 Thread 0x000002435d0c6800 Exception <a 'java/lang/ClassNotFoundException'{0x00000000eb774168}: sun/net/www/protocol/c/Handler> (0x00000000eb774168) thrown at [./src/hotspot/share/classfile/systemDictionary.cpp, line 231]
Event: 9.828 Thread 0x000002435d0c6800 Exception <a 'java/lang/ClassNotFoundException'{0x00000000eb7754b0}: sun/net/www/protocol/c/Handler> (0x00000000eb7754b0) thrown at [./src/hotspot/share/classfile/systemDictionary.cpp, line 231]
Event: 9.857 Thread 0x000002435d0c6800 Exception <a 'java/io/FileNotFoundException'{0x00000000eb7946e0}> (0x00000000eb7946e0) thrown at [./src/hotspot/share/prims/jni.cpp, line 615]
Event: 10.133 Thread 0x000002435d0c6800 Implicit null exception at 0x000002436d2ba575 to 0x000002436d2ba768
Event: 10.865 Thread 0x000002435d0c6800 Exception <a 'java/lang/NoSuchMethodError'{0x00000000eb927758}: 'int java.lang.invoke.DirectMethodHandle$Holder.invokeStaticInit(java.lang.Object, java.lang.Object, java.lang.Object, java.lang.Object)'> (0x00000000eb927758) thrown at [./src/hotspot/share/interpreter/linkResolver.cpp, line 773]
Event: 10.870 Thread 0x000002435d0c6800 Exception <a 'java/lang/IncompatibleClassChangeError'{0x00000000eb9319b0}: Found class java.lang.Object, but interface was expected> (0x00000000eb9319b0) thrown at [./src/hotspot/share/interpreter/linkResolver.cpp, line 839]
Event: 11.279 Thread 0x000002435d0c6800 Exception <a 'java/lang/NoSuchMethodError'{0x00000000eb934a70}: 'void java.lang.invoke.DirectMethodHandle$Holder.invokeStaticInit(java.lang.Object, java.lang.Object)'> (0x00000000eb934a70) thrown at [./src/hotspot/share/interpreter/linkResolver.cpp, line 773]
Event: 11.285 Thread 0x000002435d0c6800 Exception <a 'java/lang/NoSuchMethodError'{0x00000000eb939d38}: 'int java.lang.invoke.DirectMethodHandle$Holder.invokeStaticInit(java.lang.Object, java.lang.Object)'> (0x00000000eb939d38) thrown at [./src/hotspot/share/interpreter/linkResolver.cpp, line 773]
Event: 11.811 Thread 0x000002435d0c6800 Exception <a 'java/lang/NoSuchMethodError'{0x00000000eb987b68}: 'java.lang.Object java.lang.invoke.DirectMethodHandle$Holder.invokeStaticInit(java.lang.Object, int, int, int, int)'> (0x00000000eb987b68) thrown at [./src/hotspot/share/interpreter/linkResolver.cpp, line 773]
Event: 15.832 Thread 0x000002435d0c6800 Exception <a 'java/lang/NoSuchMethodError'{0x00000000eb9ee648}: 'java.lang.Object java.lang.invoke.DirectMethodHandle$Holder.invokeStaticInit(java.lang.Object, java.lang.Object, int, int, int, int)'> (0x00000000eb9ee648) thrown at [./src/hotspot/share/interpreter/linkResolver.cpp, line 773]
Event: 16.235 Thread 0x000002435d0c6800 Exception <a 'java/lang/NoSuchMethodError'{0x00000000ebb303d8}: 'int java.lang.invoke.DirectMethodHandle$Holder.invokeSpecialIFC(java.lang.Object, java.lang.Object, int)'> (0x00000000ebb303d8) thrown at [./src/hotspot/share/interpreter/linkResolver.cpp, line 773]
Event: 16.893 Thread 0x000002435d0c6800 Exception <a 'java/lang/NoSuchMethodError'{0x00000000ec0553b8}: 'java.lang.Object java.lang.invoke.DirectMethodHandle$Holder.invokeStatic(java.lang.Object, int, java.lang.Object)'> (0x00000000ec0553b8) thrown at [./src/hotspot/share/interpreter/linkResolver.cpp, line 773]
Event: 16.902 Thread 0x000002435d0c6800 Exception <a 'java/lang/NoSuchMethodError'{0x00000000ec071590}: 'java.lang.Object java.lang.invoke.Invokers$Holder.linkToTargetMethod(java.lang.Object, java.lang.Object, java.lang.Object, int, java.lang.Object, java.lang.Object)'> (0x00000000ec071590) thrown at [./src/hotspot/share/interpreter/linkResolver.cpp, line 773]

Events (20 events):
Event: 17.389 loading class org/eclipse/core/runtime/internal/adaptor/ConsoleManager
Event: 17.389 loading class org/eclipse/core/runtime/internal/adaptor/ConsoleManager done
Event: 17.393 loading class org/eclipse/osgi/internal/framework/FilterImpl$And
Event: 17.393 loading class org/eclipse/osgi/internal/framework/FilterImpl$And done
Event: 17.395 loading class org/eclipse/osgi/internal/framework/FilterImpl$ServiceReferenceMap
Event: 17.395 loading class org/eclipse/osgi/internal/framework/FilterImpl$ServiceReferenceMap done
Event: 17.396 loading class org/eclipse/osgi/storage/url/reference/Handler
Event: 17.396 loading class org/eclipse/osgi/storage/url/reference/Handler done
Event: 17.447 loading class org/eclipse/osgi/storage/url/reference/ReferenceURLConnection
Event: 17.447 loading class org/eclipse/osgi/storage/url/reference/ReferenceURLConnection done
Event: 17.448 loading class sun/nio/fs/WindowsChannelFactory
Event: 17.505 loading class sun/nio/fs/WindowsChannelFactory done
Event: 17.505 loading class sun/nio/fs/WindowsChannelFactory$1
Event: 17.505 loading class sun/nio/fs/WindowsChannelFactory$1 done
Event: 17.505 loading class sun/nio/fs/WindowsChannelFactory$Flags
Event: 17.506 loading class sun/nio/fs/WindowsChannelFactory$Flags done
Event: 17.506 loading class sun/nio/ch/FileChannelImpl$Closer
Event: 17.574 loading class sun/nio/ch/FileChannelImpl$Closer done
Event: 17.574 loading class org/eclipse/osgi/framework/util/FilePath
Event: 17.574 loading class org/eclipse/osgi/framework/util/FilePath done


Dynamic libraries:
0x00007ff6bd2d0000 - 0x00007ff6bd2dd000 	C:\Program Files\AdoptOpenJDK\jdk-11.0.11.9-hotspot\bin\java.exe
0x00007ffd66390000 - 0x00007ffd66585000 	C:\WINDOWS\SYSTEM32\ntdll.dll
0x00007ffd4db50000 - 0x00007ffd4db63000 	C:\Program Files\AVAST Software\Avast\aswhook.dll
0x00007ffd64780000 - 0x00007ffd6483d000 	C:\WINDOWS\System32\KERNEL32.DLL
0x00007ffd63fd0000 - 0x00007ffd64298000 	C:\WINDOWS\System32\KERNELBASE.dll
0x00007ffd642a0000 - 0x00007ffd643a0000 	C:\WINDOWS\System32\ucrtbase.dll
0x00007ffd355a0000 - 0x00007ffd355b7000 	C:\Program Files\AdoptOpenJDK\jdk-11.0.11.9-hotspot\bin\jli.dll
0x00007ffd35580000 - 0x00007ffd35595000 	C:\Program Files\AdoptOpenJDK\jdk-11.0.11.9-hotspot\bin\VCRUNTIME140.dll
0x00007ffd64870000 - 0x00007ffd64a10000 	C:\WINDOWS\System32\USER32.dll
0x00007ffd63f10000 - 0x00007ffd63f32000 	C:\WINDOWS\System32\win32u.dll
0x00007ffd62d90000 - 0x00007ffd6302a000 	C:\WINDOWS\WinSxS\amd64_microsoft.windows.common-controls_6595b64144ccf1df_6.0.19041.1052_none_60b8f8fd71f5e8cb\COMCTL32.dll
0x00007ffd64a10000 - 0x00007ffd64a3a000 	C:\WINDOWS\System32\GDI32.dll
0x00007ffd65f50000 - 0x00007ffd65fee000 	C:\WINDOWS\System32\msvcrt.dll
0x00007ffd63e00000 - 0x00007ffd63f0b000 	C:\WINDOWS\System32\gdi32full.dll
0x00007ffd63cb0000 - 0x00007ffd63d4d000 	C:\WINDOWS\System32\msvcp_win.dll
0x00007ffd64840000 - 0x00007ffd64870000 	C:\WINDOWS\System32\IMM32.DLL
0x00007ffd2b350000 - 0x00007ffd2b3eb000 	C:\Program Files\AdoptOpenJDK\jdk-11.0.11.9-hotspot\bin\msvcp140.dll
0x00007ffd1e1b0000 - 0x00007ffd1ecfb000 	C:\Program Files\AdoptOpenJDK\jdk-11.0.11.9-hotspot\bin\server\jvm.dll
0x00007ffd64f40000 - 0x00007ffd64fec000 	C:\WINDOWS\System32\ADVAPI32.dll
0x00007ffd645b0000 - 0x00007ffd6464b000 	C:\WINDOWS\System32\sechost.dll
0x00007ffd64650000 - 0x00007ffd6477b000 	C:\WINDOWS\System32\RPCRT4.dll
0x00007ffd65ff0000 - 0x00007ffd65ff8000 	C:\WINDOWS\System32\PSAPI.DLL
0x00007ffd5ab30000 - 0x00007ffd5ab57000 	C:\WINDOWS\SYSTEM32\WINMM.dll
0x00007ffd53c90000 - 0x00007ffd53c99000 	C:\WINDOWS\SYSTEM32\WSOCK32.dll
0x00007ffd65070000 - 0x00007ffd650db000 	C:\WINDOWS\System32\WS2_32.dll
0x00007ffd5dd50000 - 0x00007ffd5dd5a000 	C:\WINDOWS\SYSTEM32\VERSION.dll
0x00007ffd613d0000 - 0x00007ffd613e2000 	C:\WINDOWS\SYSTEM32\kernel.appcore.dll
0x00007ffd4c7e0000 - 0x00007ffd4c7f0000 	C:\Program Files\AdoptOpenJDK\jdk-11.0.11.9-hotspot\bin\verify.dll
0x00007ffd63260000 - 0x00007ffd63444000 	C:\WINDOWS\SYSTEM32\DBGHELP.DLL
0x00007ffd63230000 - 0x00007ffd6325c000 	C:\WINDOWS\SYSTEM32\dbgcore.DLL
0x00007ffd63f40000 - 0x00007ffd63fc3000 	C:\WINDOWS\System32\bcryptPrimitives.dll
0x00007ffd47580000 - 0x00007ffd475a8000 	C:\Program Files\AdoptOpenJDK\jdk-11.0.11.9-hotspot\bin\java.dll
0x00007ffd4c7d0000 - 0x00007ffd4c7da000 	C:\Program Files\AdoptOpenJDK\jdk-11.0.11.9-hotspot\bin\jimage.dll
0x00007ffd35560000 - 0x00007ffd35577000 	C:\Program Files\AdoptOpenJDK\jdk-11.0.11.9-hotspot\bin\zip.dll
0x00007ffd65550000 - 0x00007ffd65c8f000 	C:\WINDOWS\System32\SHELL32.dll
0x00007ffd615d0000 - 0x00007ffd61d60000 	C:\WINDOWS\SYSTEM32\windows.storage.dll
0x00007ffd64a40000 - 0x00007ffd64d95000 	C:\WINDOWS\System32\combase.dll
0x00007ffd63090000 - 0x00007ffd630bc000 	C:\WINDOWS\SYSTEM32\Wldp.dll
0x00007ffd64e90000 - 0x00007ffd64f3e000 	C:\WINDOWS\System32\SHCORE.dll
0x00007ffd64e30000 - 0x00007ffd64e85000 	C:\WINDOWS\System32\shlwapi.dll
0x00007ffd63a10000 - 0x00007ffd63a2f000 	C:\WINDOWS\SYSTEM32\profapi.dll
0x00007ffd2fc90000 - 0x00007ffd2fca9000 	C:\Program Files\AdoptOpenJDK\jdk-11.0.11.9-hotspot\bin\net.dll
0x00007ffd568f0000 - 0x00007ffd569fb000 	C:\WINDOWS\SYSTEM32\WINHTTP.dll
0x00007ffd62b80000 - 0x00007ffd62bea000 	C:\WINDOWS\system32\mswsock.dll
0x00007ffd2b640000 - 0x00007ffd2b652000 	C:\Program Files\AdoptOpenJDK\jdk-11.0.11.9-hotspot\bin\nio.dll
0x00007ffd2afa0000 - 0x00007ffd2afc5000 	C:\Program Files\AdoptOpenJDK\jdk-11.0.11.9-hotspot\bin\sunec.dll
0x00007ffd63790000 - 0x00007ffd637a8000 	C:\WINDOWS\SYSTEM32\CRYPTSP.dll
0x00007ffd62520000 - 0x00007ffd62554000 	C:\WINDOWS\system32\rsaenh.dll
0x00007ffd63ad0000 - 0x00007ffd63af7000 	C:\WINDOWS\System32\bcrypt.dll
0x00007ffd63990000 - 0x00007ffd639be000 	C:\WINDOWS\SYSTEM32\USERENV.dll
0x00007ffd62d50000 - 0x00007ffd62d5c000 	C:\WINDOWS\SYSTEM32\CRYPTBASE.dll
0x00007ffd62a70000 - 0x00007ffd62aab000 	C:\WINDOWS\SYSTEM32\IPHLPAPI.DLL
0x00007ffd65d40000 - 0x00007ffd65d48000 	C:\WINDOWS\System32\NSI.dll
0x00007ffd5d2c0000 - 0x00007ffd5d2d7000 	C:\WINDOWS\SYSTEM32\dhcpcsvc6.DLL
0x00007ffd5d400000 - 0x00007ffd5d41d000 	C:\WINDOWS\SYSTEM32\dhcpcsvc.DLL
0x00007ffd62ab0000 - 0x00007ffd62b7c000 	C:\WINDOWS\SYSTEM32\DNSAPI.dll

dbghelp: loaded successfully - version: 4.0.5 - missing functions: none
symbol engine: initialized successfully - sym options: 0x614 - pdb path: .;C:\Program Files\AdoptOpenJDK\jdk-11.0.11.9-hotspot\bin;C:\WINDOWS\SYSTEM32;C:\Program Files\AVAST Software\Avast;C:\WINDOWS\WinSxS\amd64_microsoft.windows.common-controls_6595b64144ccf1df_6.0.19041.1052_none_60b8f8fd71f5e8cb;C:\Program Files\AdoptOpenJDK\jdk-11.0.11.9-hotspot\bin\server

VM Arguments:
jvm_args: --add-modules=ALL-SYSTEM --add-opens=java.base/java.util=ALL-UNNAMED --add-opens=java.base/java.lang=ALL-UNNAMED -Declipse.application=org.eclipse.jdt.ls.core.id1 -Dosgi.bundles.defaultStartLevel=4 -Declipse.product=org.eclipse.jdt.ls.core.product -Dfile.encoding=utf8 -DwatchParentProcess=false -XX:+UseParallelGC -XX:GCTimeRatio=4 -XX:AdaptiveSizePolicyWeight=90 -Dsun.zip.disableMemoryMapping=true -Xmx1G -Xms100m -Xverify:none 
java_command: c:\Users\LORENA\.vscode\extensions\redhat.java-0.80.0\server\plugins\org.eclipse.equinox.launcher_1.6.200.v20210416-2027.jar -configuration c:\Users\LORENA\AppData\Roaming\Code\User\globalStorage\redhat.java\0.80.0\config_win -data c:\Users\LORENA\AppData\Roaming\Code\User\workspaceStorage\2366743ed94966f7dc0ab6664a00cc47\redhat.java\jdt_ws
java_class_path (initial): c:\Users\LORENA\.vscode\extensions\redhat.java-0.80.0\server\plugins\org.eclipse.equinox.launcher_1.6.200.v20210416-2027.jar
Launcher Type: SUN_STANDARD

[Global flags]
    uintx AdaptiveSizePolicyWeight                 = 90                                        {product} {command line}
     bool BytecodeVerificationLocal                = false                                     {product} {command line}
     bool BytecodeVerificationRemote               = false                                     {product} {command line}
     intx CICompilerCount                          = 3                                         {product} {ergonomic}
    uintx GCTimeRatio                              = 4                                         {product} {command line}
   size_t InitialHeapSize                          = 104857600                                 {product} {command line}
   size_t MaxHeapSize                              = 1073741824                                {product} {command line}
   size_t MaxNewSize                               = 357564416                                 {product} {ergonomic}
   size_t MinHeapDeltaBytes                        = 524288                                    {product} {ergonomic}
   size_t NewSize                                  = 34603008                                  {product} {ergonomic}
    uintx NonNMethodCodeHeapSize                   = 5830732                                {pd product} {ergonomic}
    uintx NonProfiledCodeHeapSize                  = 122913754                              {pd product} {ergonomic}
   size_t OldSize                                  = 70254592                                  {product} {ergonomic}
    uintx ProfiledCodeHeapSize                     = 122913754                              {pd product} {ergonomic}
    uintx ReservedCodeCacheSize                    = 251658240                              {pd product} {ergonomic}
     bool SegmentedCodeCache                       = true                                      {product} {ergonomic}
     bool UseCompressedClassPointers               = true                                 {lp64_product} {ergonomic}
     bool UseCompressedOops                        = true                                 {lp64_product} {ergonomic}
     bool UseLargePagesIndividualAllocation        = false                                  {pd product} {ergonomic}
     bool UseParallelGC                            = true                                      {product} {command line}

Logging:
Log output configuration:
 #0: stdout all=warning uptime,level,tags
 #1: stderr all=off uptime,level,tags

Environment Variables:
JAVA_HOME=C:\Program Files\AdoptOpenJDK\jdk-11.0.11.9-hotspot\
PATH=C:\Program Files\AdoptOpenJDK\jdk-11.0.11.9-hotspot\bin;C:\Program Files (x86)\Intel\iCLS Client\;C:\Program Files\Intel\iCLS Client\;C:\WINDOWS\system32;C:\WINDOWS;C:\WINDOWS\System32\Wbem;C:\WINDOWS\System32\WindowsPowerShell\v1.0\;C:\Program Files\Intel\TXE Components\DAL\;C:\Program Files (x86)\Intel\TXE Components\DAL\;C:\Program Files\Intel\TXE Components\IPT\;C:\Program Files (x86)\Intel\TXE Components\IPT\;C:\WINDOWS\System32\OpenSSH\;C:\Program Files\Git\cmd;C:\Program Files\Git\mingw64\bin;C:\Program Files\Git\usr\bin;C:\apache-maven-3.8.1\bin;C:\Users\LORENA\AppData\Local\Programs\Python\Python39\Scripts\;C:\Users\LORENA\AppData\Local\Programs\Python\Python39\;C:\Users\LORENA\AppData\Local\Microsoft\WindowsApps;C:\Program Files\JetBrains\PyCharm Community Edition 2021.1\bin;;C:\Users\LORENA\AppData\Local\Programs\Microsoft VS Code\bin;C:\Users\LORENA\AppData\Local\GitHubDesktop\bin
USERNAME=LORENA
OS=Windows_NT
PROCESSOR_IDENTIFIER=Intel64 Family 6 Model 92 Stepping 9, GenuineIntel



---------------  S Y S T E M  ---------------

OS: Windows 10 , 64 bit Build 19041 (10.0.19041.1023)
OS uptime: 0 days 2:45 hours

CPU:total 4 (initial active 4) (4 cores per cpu, 1 threads per core) family 6 model 92 stepping 9 microcode 0x32, cmov, cx8, fxsr, mmx, sse, sse2, sse3, ssse3, sse4.1, sse4.2, popcnt, aes, clmul, erms, 3dnowpref, tsc, tscinvbit, sha

Memory: 4k page, system-wide physical 3936M (255M free)
TotalPageFile size 5936M (AvailPageFile size 16M)
current process WorkingSet (physical memory assigned to process): 69M, peak: 69M
current process commit charge ("private bytes"): 188M, peak: 188M

vm_info: OpenJDK 64-Bit Server VM (11.0.11+9) for windows-amd64 JRE (11.0.11+9), built on Apr 20 2021 21:22:09 by "" with MS VC++ 15.9 (VS2017)

END.
