#
# There is insufficient memory for the Java Runtime Environment to continue.
# Native memory allocation (malloc) failed to allocate 1048576 bytes for AllocateHeap
# Possible reasons:
#   The system is out of physical RAM or swap space
#   The process is running with CompressedOops enabled, and the Java Heap may be blocking the growth of the native heap
# Possible solutions:
#   Reduce memory load on the system
#   Increase physical memory or swap space
#   Check if swap backing store is full
#   Decrease Java heap size (-Xmx/-Xms)
#   Decrease number of Java threads
#   Decrease Java thread stack sizes (-Xss)
#   Set larger code cache with -XX:ReservedCodeCacheSize=
#   JVM is running with Unscaled Compressed Oops mode in which the Java heap is
#     placed in the first 4GB address space. The Java Heap base address is the
#     maximum limit for the native heap growth. Please use -XX:HeapBaseMinAddress
#     to set the Java Heap base and to place the Java Heap above 4GB virtual address.
# This output file may be truncated or incomplete.
#
#  Out of Memory Error (./src/hotspot/share/memory/allocation.cpp:46), pid=10996, tid=12244
#
# JRE version:  (11.0.11+9) (build )
# Java VM: OpenJDK 64-Bit Server VM (11.0.11+9, mixed mode, tiered, compressed oops, parallel gc, windows-amd64)
# No core dump will be written. Minidumps are not enabled by default on client versions of Windows
#

---------------  S U M M A R Y ------------

Command Line: --add-modules=ALL-SYSTEM --add-opens=java.base/java.util=ALL-UNNAMED --add-opens=java.base/java.lang=ALL-UNNAMED -Declipse.application=org.eclipse.jdt.ls.core.id1 -Dosgi.bundles.defaultStartLevel=4 -Declipse.product=org.eclipse.jdt.ls.core.product -Dfile.encoding=utf8 -DwatchParentProcess=false -XX:+UseParallelGC -XX:GCTimeRatio=4 -XX:AdaptiveSizePolicyWeight=90 -Dsun.zip.disableMemoryMapping=true -Xmx1G -Xms100m -Xverify:none c:\Users\LORENA\.vscode\extensions\redhat.java-0.80.0\server\plugins\org.eclipse.equinox.launcher_1.6.200.v20210416-2027.jar -configuration c:\Users\LORENA\AppData\Roaming\Code\User\globalStorage\redhat.java\0.80.0\config_ss_win -data c:\Users\LORENA\AppData\Roaming\Code\User\workspaceStorage\2366743ed94966f7dc0ab6664a00cc47\redhat.java\ss_ws

Host: Intel(R) Pentium(R) CPU N4200 @ 1.10GHz, 4 cores, 3G,  Windows 10 , 64 bit Build 19041 (10.0.19041.1023)
Time: Sat Jul  3 18:48:03 2021 Hora est. Pacífico, Sudamérica elapsed time: 0.264345 seconds (0d 0h 0m 0s)

---------------  T H R E A D  ---------------

Current thread (0x0000023fb88e3000):  JavaThread "Unknown thread" [_thread_in_vm, id=12244, stack(0x000000df24300000,0x000000df24400000)]

Stack: [0x000000df24300000,0x000000df24400000]
Native frames: (J=compiled Java code, j=interpreted, Vv=VM code, C=native code)
V  [jvm.dll+0x5f7e5a]
V  [jvm.dll+0x77ff2e]
V  [jvm.dll+0x7815ff]
V  [jvm.dll+0x781cc3]
V  [jvm.dll+0x247408]
V  [jvm.dll+0xb56b4]
V  [jvm.dll+0x62f9f5]
V  [jvm.dll+0x6304be]
V  [jvm.dll+0x6091ac]
V  [jvm.dll+0x75d76e]
V  [jvm.dll+0x35266d]
V  [jvm.dll+0x73e660]
V  [jvm.dll+0x3b9ddf]
V  [jvm.dll+0x3bc2e1]
C  [jli.dll+0x520b]
C  [ucrtbase.dll+0x21bb2]
C  [KERNEL32.DLL+0x17034]
C  [ntdll.dll+0x52651]


---------------  P R O C E S S  ---------------

Threads class SMR info:
_java_thread_list=0x0000023fb86a3660, length=0, elements={
}

Java Threads: ( => current thread )

Other Threads:
  0x0000023fb88fc800 GCTaskThread "ParGC Thread#0" [stack: 0x000000df24400000,0x000000df24500000] [id=12472]

=>0x0000023fb88e3000 (exited) JavaThread "Unknown thread" [_thread_in_vm, id=12244, stack(0x000000df24300000,0x000000df24400000)]

Threads with active compile tasks:

VM state:not at safepoint (normal execution)

VM Mutex/Monitor currently owned by a thread: None

Heap address: 0x00000000c0000000, size: 1024 MB, Compressed Oops mode: 32-bit
Narrow klass base: 0x0000000000000000, Narrow klass shift: 3
Compressed class space size: 1073741824 Address: 0x0000000100000000

Heap:
 PSYoungGen      total 29696K, used 512K [0x00000000eab00000, 0x00000000ecc00000, 0x0000000100000000)
  eden space 25600K, 2% used [0x00000000eab00000,0x00000000eab80010,0x00000000ec400000)
  from space 4096K, 0% used [0x00000000ec800000,0x00000000ec800000,0x00000000ecc00000)
  to   space 4096K, 0% used [0x00000000ec400000,0x00000000ec400000,0x00000000ec800000)
 ParOldGen       total 68608K, used 0K [0x00000000c0000000, 0x00000000c4300000, 0x00000000eab00000)
  object space 68608K, 0% used [0x00000000c0000000,0x00000000c0000000,0x00000000c4300000)
 Metaspace       used 1137K, capacity 4480K, committed 4480K, reserved 1056768K
  class space    used 85K, capacity 384K, committed 384K, reserved 1048576K

Card table byte_map: [0x0000023fd19b0000,0x0000023fd1bc0000] _byte_map_base: 0x0000023fd13b0000

Marking Bits: (ParMarkBitMap*) 0x00007ffd1ec3d340
 Begin Bits: [0x0000023fd1d20000, 0x0000023fd2d20000)
 End Bits:   [0x0000023fd2d20000, 0x0000023fd3d20000)

Polling page: 0x0000023fc27a0000

Metaspace:

Usage:
  Non-class:      4.00 MB capacity,     1.03 MB ( 26%) used,     2.97 MB ( 74%) free+waste,    64 bytes ( <1%) overhead. 
      Class:    384.00 KB capacity,    85.91 KB ( 22%) used,   298.02 KB ( 78%) free+waste,    64 bytes ( <1%) overhead. 
       Both:      4.38 MB capacity,     1.11 MB ( 25%) used,     3.26 MB ( 75%) free+waste,   128 bytes ( <1%) overhead. 

Virtual space:
  Non-class space:        8.00 MB reserved,       4.00 MB ( 50%) committed 
      Class space:        1.00 GB reserved,     384.00 KB ( <1%) committed 
             Both:        1.01 GB reserved,       4.38 MB ( <1%) committed 

Chunk freelists:
   Non-Class:  0 bytes
       Class:  0 bytes
        Both:  0 bytes

MaxMetaspaceSize: 17179869184.00 GB
CompressedClassSpaceSize: 1.00 GB

CodeHeap 'non-profiled nmethods': size=120064Kb used=0Kb max_used=0Kb free=120064Kb
 bounds [0x0000023fca280000, 0x0000023fca4f0000, 0x0000023fd17c0000]
CodeHeap 'profiled nmethods': size=120000Kb used=0Kb max_used=0Kb free=120000Kb
 bounds [0x0000023fc2d50000, 0x0000023fc2fc0000, 0x0000023fca280000]
CodeHeap 'non-nmethods': size=5696Kb used=204Kb max_used=301Kb free=5491Kb
 bounds [0x0000023fc27c0000, 0x0000023fc2a30000, 0x0000023fc2d50000]
 total_blobs=66 nmethods=0 adapters=47
 compilation: enabled
              stopped_count=0, restarted_count=0
 full_count=0

Compilation events (0 events):
No events

GC Heap History (0 events):
No events

Deoptimization events (0 events):
No events

Classes redefined (0 events):
No events

Internal exceptions (0 events):
No events

Events (20 events):
Event: 0.122 loading class java/lang/Character
Event: 0.123 loading class java/lang/Character done
Event: 0.123 loading class java/lang/Float
Event: 0.123 loading class java/lang/Number
Event: 0.123 loading class java/lang/Number done
Event: 0.123 loading class java/lang/Float done
Event: 0.123 loading class java/lang/Double
Event: 0.123 loading class java/lang/Double done
Event: 0.123 loading class java/lang/Byte
Event: 0.123 loading class java/lang/Byte done
Event: 0.123 loading class java/lang/Short
Event: 0.123 loading class java/lang/Short done
Event: 0.123 loading class java/lang/Integer
Event: 0.124 loading class java/lang/Integer done
Event: 0.124 loading class java/lang/Long
Event: 0.124 loading class java/lang/Long done
Event: 0.125 loading class java/lang/NullPointerException
Event: 0.126 loading class java/lang/NullPointerException done
Event: 0.126 loading class java/lang/ArithmeticException
Event: 0.126 loading class java/lang/ArithmeticException done


Dynamic libraries:
0x00007ff6bd2d0000 - 0x00007ff6bd2dd000 	C:\Program Files\AdoptOpenJDK\jdk-11.0.11.9-hotspot\bin\java.exe
0x00007ffd66390000 - 0x00007ffd66585000 	C:\WINDOWS\SYSTEM32\ntdll.dll
0x00007ffd4db50000 - 0x00007ffd4db63000 	C:\Program Files\AVAST Software\Avast\aswhook.dll
0x00007ffd64780000 - 0x00007ffd6483d000 	C:\WINDOWS\System32\KERNEL32.DLL
0x00007ffd63fd0000 - 0x00007ffd64298000 	C:\WINDOWS\System32\KERNELBASE.dll
0x00007ffd642a0000 - 0x00007ffd643a0000 	C:\WINDOWS\System32\ucrtbase.dll
0x00007ffd355a0000 - 0x00007ffd355b7000 	C:\Program Files\AdoptOpenJDK\jdk-11.0.11.9-hotspot\bin\jli.dll
0x00007ffd35580000 - 0x00007ffd35595000 	C:\Program Files\AdoptOpenJDK\jdk-11.0.11.9-hotspot\bin\VCRUNTIME140.dll
0x00007ffd64870000 - 0x00007ffd64a10000 	C:\WINDOWS\System32\USER32.dll
0x00007ffd63f10000 - 0x00007ffd63f32000 	C:\WINDOWS\System32\win32u.dll
0x00007ffd64a10000 - 0x00007ffd64a3a000 	C:\WINDOWS\System32\GDI32.dll
0x00007ffd63e00000 - 0x00007ffd63f0b000 	C:\WINDOWS\System32\gdi32full.dll
0x00007ffd62d90000 - 0x00007ffd6302a000 	C:\WINDOWS\WinSxS\amd64_microsoft.windows.common-controls_6595b64144ccf1df_6.0.19041.1052_none_60b8f8fd71f5e8cb\COMCTL32.dll
0x00007ffd63cb0000 - 0x00007ffd63d4d000 	C:\WINDOWS\System32\msvcp_win.dll
0x00007ffd65f50000 - 0x00007ffd65fee000 	C:\WINDOWS\System32\msvcrt.dll
0x00007ffd64840000 - 0x00007ffd64870000 	C:\WINDOWS\System32\IMM32.DLL
0x00007ffd2b350000 - 0x00007ffd2b3eb000 	C:\Program Files\AdoptOpenJDK\jdk-11.0.11.9-hotspot\bin\msvcp140.dll
0x00007ffd1e1b0000 - 0x00007ffd1ecfb000 	C:\Program Files\AdoptOpenJDK\jdk-11.0.11.9-hotspot\bin\server\jvm.dll
0x00007ffd64f40000 - 0x00007ffd64fec000 	C:\WINDOWS\System32\ADVAPI32.dll
0x00007ffd645b0000 - 0x00007ffd6464b000 	C:\WINDOWS\System32\sechost.dll
0x00007ffd64650000 - 0x00007ffd6477b000 	C:\WINDOWS\System32\RPCRT4.dll
0x00007ffd65ff0000 - 0x00007ffd65ff8000 	C:\WINDOWS\System32\PSAPI.DLL
0x00007ffd53c90000 - 0x00007ffd53c99000 	C:\WINDOWS\SYSTEM32\WSOCK32.dll
0x00007ffd5ab30000 - 0x00007ffd5ab57000 	C:\WINDOWS\SYSTEM32\WINMM.dll
0x00007ffd65070000 - 0x00007ffd650db000 	C:\WINDOWS\System32\WS2_32.dll
0x00007ffd5dd50000 - 0x00007ffd5dd5a000 	C:\WINDOWS\SYSTEM32\VERSION.dll
0x00007ffd613d0000 - 0x00007ffd613e2000 	C:\WINDOWS\SYSTEM32\kernel.appcore.dll
0x00007ffd4c7e0000 - 0x00007ffd4c7f0000 	C:\Program Files\AdoptOpenJDK\jdk-11.0.11.9-hotspot\bin\verify.dll
0x00007ffd63260000 - 0x00007ffd63444000 	C:\WINDOWS\SYSTEM32\DBGHELP.DLL
0x00007ffd63230000 - 0x00007ffd6325c000 	C:\WINDOWS\SYSTEM32\dbgcore.DLL
0x00007ffd63f40000 - 0x00007ffd63fc3000 	C:\WINDOWS\System32\bcryptPrimitives.dll
0x00007ffd47580000 - 0x00007ffd475a8000 	C:\Program Files\AdoptOpenJDK\jdk-11.0.11.9-hotspot\bin\java.dll
0x00007ffd4c7d0000 - 0x00007ffd4c7da000 	C:\Program Files\AdoptOpenJDK\jdk-11.0.11.9-hotspot\bin\jimage.dll
0x00007ffd35560000 - 0x00007ffd35577000 	C:\Program Files\AdoptOpenJDK\jdk-11.0.11.9-hotspot\bin\zip.dll

dbghelp: loaded successfully - version: 4.0.5 - missing functions: none
symbol engine: initialized successfully - sym options: 0x614 - pdb path: .;C:\Program Files\AdoptOpenJDK\jdk-11.0.11.9-hotspot\bin;C:\WINDOWS\SYSTEM32;C:\Program Files\AVAST Software\Avast;C:\WINDOWS\WinSxS\amd64_microsoft.windows.common-controls_6595b64144ccf1df_6.0.19041.1052_none_60b8f8fd71f5e8cb;C:\Program Files\AdoptOpenJDK\jdk-11.0.11.9-hotspot\bin\server

VM Arguments:
jvm_args: --add-modules=ALL-SYSTEM --add-opens=java.base/java.util=ALL-UNNAMED --add-opens=java.base/java.lang=ALL-UNNAMED -Declipse.application=org.eclipse.jdt.ls.core.id1 -Dosgi.bundles.defaultStartLevel=4 -Declipse.product=org.eclipse.jdt.ls.core.product -Dfile.encoding=utf8 -DwatchParentProcess=false -XX:+UseParallelGC -XX:GCTimeRatio=4 -XX:AdaptiveSizePolicyWeight=90 -Dsun.zip.disableMemoryMapping=true -Xmx1G -Xms100m -Xverify:none 
java_command: c:\Users\LORENA\.vscode\extensions\redhat.java-0.80.0\server\plugins\org.eclipse.equinox.launcher_1.6.200.v20210416-2027.jar -configuration c:\Users\LORENA\AppData\Roaming\Code\User\globalStorage\redhat.java\0.80.0\config_ss_win -data c:\Users\LORENA\AppData\Roaming\Code\User\workspaceStorage\2366743ed94966f7dc0ab6664a00cc47\redhat.java\ss_ws
java_class_path (initial): c:\Users\LORENA\.vscode\extensions\redhat.java-0.80.0\server\plugins\org.eclipse.equinox.launcher_1.6.200.v20210416-2027.jar
Launcher Type: SUN_STANDARD

[Global flags]
    uintx AdaptiveSizePolicyWeight                 = 90                                        {product} {command line}
     bool BytecodeVerificationLocal                = false                                     {product} {command line}
     bool BytecodeVerificationRemote               = false                                     {product} {command line}
     intx CICompilerCount                          = 3                                         {product} {ergonomic}
    uintx GCTimeRatio                              = 4                                         {product} {command line}
   size_t InitialHeapSize                          = 104857600                                 {product} {command line}
   size_t MaxHeapSize                              = 1073741824                                {product} {command line}
   size_t MaxNewSize                               = 357564416                                 {product} {ergonomic}
   size_t MinHeapDeltaBytes                        = 524288                                    {product} {ergonomic}
   size_t NewSize                                  = 34603008                                  {product} {ergonomic}
    uintx NonNMethodCodeHeapSize                   = 5830732                                {pd product} {ergonomic}
    uintx NonProfiledCodeHeapSize                  = 122913754                              {pd product} {ergonomic}
   size_t OldSize                                  = 70254592                                  {product} {ergonomic}
    uintx ProfiledCodeHeapSize                     = 122913754                              {pd product} {ergonomic}
    uintx ReservedCodeCacheSize                    = 251658240                              {pd product} {ergonomic}
     bool SegmentedCodeCache                       = true                                      {product} {ergonomic}
     bool UseCompressedClassPointers               = true                                 {lp64_product} {ergonomic}
     bool UseCompressedOops                        = true                                 {lp64_product} {ergonomic}
     bool UseLargePagesIndividualAllocation        = false                                  {pd product} {ergonomic}
     bool UseParallelGC                            = true                                      {product} {command line}

Logging:
Log output configuration:
 #0: stdout all=warning uptime,level,tags
 #1: stderr all=off uptime,level,tags

Environment Variables:
JAVA_HOME=C:\Program Files\AdoptOpenJDK\jdk-11.0.11.9-hotspot\
PATH=C:\Program Files\AdoptOpenJDK\jdk-11.0.11.9-hotspot\bin;C:\Program Files (x86)\Intel\iCLS Client\;C:\Program Files\Intel\iCLS Client\;C:\WINDOWS\system32;C:\WINDOWS;C:\WINDOWS\System32\Wbem;C:\WINDOWS\System32\WindowsPowerShell\v1.0\;C:\Program Files\Intel\TXE Components\DAL\;C:\Program Files (x86)\Intel\TXE Components\DAL\;C:\Program Files\Intel\TXE Components\IPT\;C:\Program Files (x86)\Intel\TXE Components\IPT\;C:\WINDOWS\System32\OpenSSH\;C:\Program Files\Git\cmd;C:\Program Files\Git\mingw64\bin;C:\Program Files\Git\usr\bin;C:\apache-maven-3.8.1\bin;C:\Users\LORENA\AppData\Local\Programs\Python\Python39\Scripts\;C:\Users\LORENA\AppData\Local\Programs\Python\Python39\;C:\Users\LORENA\AppData\Local\Microsoft\WindowsApps;C:\Program Files\JetBrains\PyCharm Community Edition 2021.1\bin;;C:\Users\LORENA\AppData\Local\Programs\Microsoft VS Code\bin;C:\Users\LORENA\AppData\Local\GitHubDesktop\bin
USERNAME=LORENA
OS=Windows_NT
PROCESSOR_IDENTIFIER=Intel64 Family 6 Model 92 Stepping 9, GenuineIntel



---------------  S Y S T E M  ---------------

OS: Windows 10 , 64 bit Build 19041 (10.0.19041.1023)
OS uptime: 0 days 2:44 hours

CPU:total 4 (initial active 4) (4 cores per cpu, 1 threads per core) family 6 model 92 stepping 9 microcode 0x32, cmov, cx8, fxsr, mmx, sse, sse2, sse3, ssse3, sse4.1, sse4.2, popcnt, aes, clmul, erms, 3dnowpref, tsc, tscinvbit, sha

Memory: 4k page, system-wide physical 3936M (279M free)
TotalPageFile size 5936M (AvailPageFile size 180M)
current process WorkingSet (physical memory assigned to process): 14M, peak: 14M
current process commit charge ("private bytes"): 159M, peak: 160M

vm_info: OpenJDK 64-Bit Server VM (11.0.11+9) for windows-amd64 JRE (11.0.11+9), built on Apr 20 2021 21:22:09 by "" with MS VC++ 15.9 (VS2017)

END.
