#
# There is insufficient memory for the Java Runtime Environment to continue.
# Native memory allocation (malloc) failed to allocate 740336 bytes for Chunk::new
# Possible reasons:
#   The system is out of physical RAM or swap space
#   The process is running with CompressedOops enabled, and the Java Heap may be blocking the growth of the native heap
# Possible solutions:
#   Reduce memory load on the system
#   Increase physical memory or swap space
#   Check if swap backing store is full
#   Decrease Java heap size (-Xmx/-Xms)
#   Decrease number of Java threads
#   Decrease Java thread stack sizes (-Xss)
#   Set larger code cache with -XX:ReservedCodeCacheSize=
#   JVM is running with Unscaled Compressed Oops mode in which the Java heap is
#     placed in the first 4GB address space. The Java Heap base address is the
#     maximum limit for the native heap growth. Please use -XX:HeapBaseMinAddress
#     to set the Java Heap base and to place the Java Heap above 4GB virtual address.
# This output file may be truncated or incomplete.
#
#  Out of Memory Error (./src/hotspot/share/memory/arena.cpp:197), pid=9996, tid=1480
#
# JRE version: OpenJDK Runtime Environment AdoptOpenJDK-11.0.11+9 (11.0.11+9) (build 11.0.11+9)
# Java VM: OpenJDK 64-Bit Server VM AdoptOpenJDK-11.0.11+9 (11.0.11+9, mixed mode, tiered, compressed oops, parallel gc, windows-amd64)
# No core dump will be written. Minidumps are not enabled by default on client versions of Windows
#

---------------  S U M M A R Y ------------

Command Line: --add-modules=ALL-SYSTEM --add-opens=java.base/java.util=ALL-UNNAMED --add-opens=java.base/java.lang=ALL-UNNAMED -Declipse.application=org.eclipse.jdt.ls.core.id1 -Dosgi.bundles.defaultStartLevel=4 -Declipse.product=org.eclipse.jdt.ls.core.product -Dfile.encoding=utf8 -DwatchParentProcess=false -XX:+UseParallelGC -XX:GCTimeRatio=4 -XX:AdaptiveSizePolicyWeight=90 -Dsun.zip.disableMemoryMapping=true -Xmx1G -Xms100m -Xverify:none c:\Users\LORENA\.vscode\extensions\redhat.java-0.80.0\server\plugins\org.eclipse.equinox.launcher_1.6.200.v20210416-2027.jar -configuration c:\Users\LORENA\AppData\Roaming\Code\User\globalStorage\redhat.java\0.80.0\config_win -data c:\Users\LORENA\AppData\Roaming\Code\User\workspaceStorage\2366743ed94966f7dc0ab6664a00cc47\redhat.java\jdt_ws

Host: Intel(R) Pentium(R) CPU N4200 @ 1.10GHz, 4 cores, 3G,  Windows 10 , 64 bit Build 19041 (10.0.19041.1023)
Time: Sat Jul  3 18:48:46 2021 Hora est. Pacífico, Sudamérica elapsed time: 2.336869 seconds (0d 0h 0m 2s)

---------------  T H R E A D  ---------------

Current thread (0x000001ee7a8c1000):  JavaThread "C2 CompilerThread0" daemon [_thread_in_native, id=1480, stack(0x0000008be3900000,0x0000008be3a00000)]


Current CompileTask:
C2:   2337  618   !   4       java.util.jar.Attributes::read (390 bytes)

Stack: [0x0000008be3900000,0x0000008be3a00000]
Native frames: (J=compiled Java code, j=interpreted, Vv=VM code, C=native code)
V  [jvm.dll+0x5f7e5a]
V  [jvm.dll+0x77ff2e]
V  [jvm.dll+0x7815ff]
V  [jvm.dll+0x781cc3]
V  [jvm.dll+0x247408]
V  [jvm.dll+0xbe69c]
V  [jvm.dll+0xbed9c]
V  [jvm.dll+0x34cb47]
V  [jvm.dll+0x31a653]
V  [jvm.dll+0x31998a]
V  [jvm.dll+0x200d85]
V  [jvm.dll+0x1fff6f]
V  [jvm.dll+0x184f1c]
V  [jvm.dll+0x20f3e7]
V  [jvm.dll+0x20d5cb]
V  [jvm.dll+0x7442f9]
V  [jvm.dll+0x73d364]
V  [jvm.dll+0x5f6cd6]
C  [ucrtbase.dll+0x21bb2]
C  [KERNEL32.DLL+0x17034]
C  [ntdll.dll+0x52651]


---------------  P R O C E S S  ---------------

Threads class SMR info:
_java_thread_list=0x000001ee7bb6dbc0, length=10, elements={
0x000001ee77e1f000, 0x000001ee7a8a2800, 0x000001ee7a8ad000, 0x000001ee7ba52800,
0x000001ee7ba53000, 0x000001ee7a8bb000, 0x000001ee7a8c1000, 0x000001ee7a8c3000,
0x000001ee7a8c7800, 0x000001ee7bb7b800
}

Java Threads: ( => current thread )
  0x000001ee77e1f000 JavaThread "main" [_thread_in_native, id=9860, stack(0x0000008be3100000,0x0000008be3200000)]
  0x000001ee7a8a2800 JavaThread "Reference Handler" daemon [_thread_blocked, id=4604, stack(0x0000008be3400000,0x0000008be3500000)]
  0x000001ee7a8ad000 JavaThread "Finalizer" daemon [_thread_blocked, id=12092, stack(0x0000008be3500000,0x0000008be3600000)]
  0x000001ee7ba52800 JavaThread "Signal Dispatcher" daemon [_thread_blocked, id=11296, stack(0x0000008be3600000,0x0000008be3700000)]
  0x000001ee7ba53000 JavaThread "Attach Listener" daemon [_thread_blocked, id=3808, stack(0x0000008be3700000,0x0000008be3800000)]
  0x000001ee7a8bb000 JavaThread "Service Thread" daemon [_thread_blocked, id=12424, stack(0x0000008be3800000,0x0000008be3900000)]
=>0x000001ee7a8c1000 JavaThread "C2 CompilerThread0" daemon [_thread_in_native, id=1480, stack(0x0000008be3900000,0x0000008be3a00000)]
  0x000001ee7a8c3000 JavaThread "C1 CompilerThread0" daemon [_thread_blocked, id=10188, stack(0x0000008be3a00000,0x0000008be3b00000)]
  0x000001ee7a8c7800 JavaThread "Sweeper thread" daemon [_thread_blocked, id=7136, stack(0x0000008be3b00000,0x0000008be3c00000)]
  0x000001ee7bb7b800 JavaThread "Common-Cleaner" daemon [_thread_blocked, id=9900, stack(0x0000008be3c00000,0x0000008be3d00000)]

Other Threads:
  0x000001ee77eef000 VMThread "VM Thread" [stack: 0x0000008be3300000,0x0000008be3400000] [id=12264]
  0x000001ee7bccf800 WatcherThread [stack: 0x0000008be3d00000,0x0000008be3e00000] [id=2808]
  0x000001ee77e39000 GCTaskThread "ParGC Thread#0" [stack: 0x0000008be3200000,0x0000008be3300000] [id=12600]

Threads with active compile tasks:
C2 CompilerThread0   2409  618   !   4       java.util.jar.Attributes::read (390 bytes)

VM state:not at safepoint (normal execution)

VM Mutex/Monitor currently owned by a thread: None

Heap address: 0x00000000c0000000, size: 1024 MB, Compressed Oops mode: 32-bit
Narrow klass base: 0x0000000000000000, Narrow klass shift: 3
Compressed class space size: 1073741824 Address: 0x0000000100000000

Heap:
 PSYoungGen      total 29696K, used 14517K [0x00000000eab00000, 0x00000000ecc00000, 0x0000000100000000)
  eden space 25600K, 56% used [0x00000000eab00000,0x00000000eb92d750,0x00000000ec400000)
  from space 4096K, 0% used [0x00000000ec800000,0x00000000ec800000,0x00000000ecc00000)
  to   space 4096K, 0% used [0x00000000ec400000,0x00000000ec400000,0x00000000ec800000)
 ParOldGen       total 68608K, used 0K [0x00000000c0000000, 0x00000000c4300000, 0x00000000eab00000)
  object space 68608K, 0% used [0x00000000c0000000,0x00000000c0000000,0x00000000c4300000)
 Metaspace       used 10369K, capacity 10659K, committed 10752K, reserved 1058816K
  class space    used 937K, capacity 1022K, committed 1024K, reserved 1048576K

Card table byte_map: [0x000001ee777e0000,0x000001ee779f0000] _byte_map_base: 0x000001ee771e0000

Marking Bits: (ParMarkBitMap*) 0x00007ffd1ec3d340
 Begin Bits: [0x000001ee77f00000, 0x000001ee78f00000)
 End Bits:   [0x000001ee78f00000, 0x000001ee79f00000)

Polling page: 0x000001ee75c80000

Metaspace:

Usage:
  Non-class:      9.41 MB capacity,     9.21 MB ( 98%) used,   194.66 KB (  2%) free+waste,     9.63 KB ( <1%) overhead. 
      Class:   1022.00 KB capacity,   937.26 KB ( 92%) used,    80.62 KB (  8%) free+waste,     4.13 KB ( <1%) overhead. 
       Both:     10.41 MB capacity,    10.13 MB ( 97%) used,   275.27 KB (  3%) free+waste,    13.75 KB ( <1%) overhead. 

Virtual space:
  Non-class space:       10.00 MB reserved,       9.50 MB ( 95%) committed 
      Class space:        1.00 GB reserved,       1.00 MB ( <1%) committed 
             Both:        1.01 GB reserved,      10.50 MB (  1%) committed 

Chunk freelists:
   Non-Class:  27.00 KB
       Class:  2.00 KB
        Both:  29.00 KB

MaxMetaspaceSize: 17179869184.00 GB
CompressedClassSpaceSize: 1.00 GB

CodeHeap 'non-profiled nmethods': size=120064Kb used=192Kb max_used=192Kb free=119871Kb
 bounds [0x000001ee100f0000, 0x000001ee10360000, 0x000001ee17630000]
CodeHeap 'profiled nmethods': size=120000Kb used=1116Kb max_used=1116Kb free=118883Kb
 bounds [0x000001ee08bc0000, 0x000001ee08e30000, 0x000001ee100f0000]
CodeHeap 'non-nmethods': size=5696Kb used=1053Kb max_used=1062Kb free=4642Kb
 bounds [0x000001ee08630000, 0x000001ee088a0000, 0x000001ee08bc0000]
 total_blobs=1078 nmethods=720 adapters=273
 compilation: enabled
              stopped_count=0, restarted_count=0
 full_count=0

Compilation events (20 events):
Event: 2.319 Thread 0x000001ee7a8c3000  668   !   3       java.security.cert.Certificate::equals (38 bytes)
Event: 2.320 Thread 0x000001ee7a8c3000 nmethod 668 0x000001ee08cbf590 code [0x000001ee08cbf820, 0x000001ee08cc04e8]
Event: 2.320 Thread 0x000001ee7a8c3000  669       3       java.lang.ClassLoader::getClassLoadingLock (35 bytes)
Event: 2.320 Thread 0x000001ee7a8c3000 nmethod 669 0x000001ee08cc0990 code [0x000001ee08cc0b60, 0x000001ee08cc0e68]
Event: 2.320 Thread 0x000001ee7a8c3000  670       3       java.lang.ClassLoader::findLoadedClass (16 bytes)
Event: 2.321 Thread 0x000001ee7a8c3000 nmethod 670 0x000001ee08cc1010 code [0x000001ee08cc11e0, 0x000001ee08cc13b8]
Event: 2.321 Thread 0x000001ee7a8c3000  671       3       java.lang.reflect.AccessibleObject::<init> (5 bytes)
Event: 2.321 Thread 0x000001ee7a8c3000 nmethod 671 0x000001ee08cc1490 code [0x000001ee08cc1640, 0x000001ee08cc1798]
Event: 2.324 Thread 0x000001ee7a8c3000  673       3       java.lang.System::checkKey (34 bytes)
Event: 2.324 Thread 0x000001ee7a8c3000 nmethod 673 0x000001ee08cc1890 code [0x000001ee08cc1a80, 0x000001ee08cc1da8]
Event: 2.324 Thread 0x000001ee7a8c3000  674       3       java.lang.reflect.Executable::<init> (5 bytes)
Event: 2.325 Thread 0x000001ee7a8c3000 nmethod 674 0x000001ee08cc1f10 code [0x000001ee08cc20c0, 0x000001ee08cc2278]
Event: 2.327 Thread 0x000001ee7a8c3000  675       3       java.util.LinkedHashMap::get (33 bytes)
Event: 2.328 Thread 0x000001ee7a8c3000 nmethod 675 0x000001ee08cc2390 code [0x000001ee08cc2580, 0x000001ee08cc29a8]
Event: 2.328 Thread 0x000001ee7a8c3000  676   !   3       java.util.zip.Inflater::inflate (418 bytes)
Event: 2.331 Thread 0x000001ee7a8c3000 nmethod 676 0x000001ee08cc2b10 code [0x000001ee08cc2de0, 0x000001ee08cc3fc8]
Event: 2.331 Thread 0x000001ee7a8c3000  677       1       java.security.CodeSource::getLocation (5 bytes)
Event: 2.331 Thread 0x000001ee7a8c3000 nmethod 677 0x000001ee1011d090 code [0x000001ee1011d240, 0x000001ee1011d2f8]
Event: 2.331 Thread 0x000001ee7a8c3000  678       1       java.net.URL::getPath (5 bytes)
Event: 2.331 Thread 0x000001ee7a8c3000 nmethod 678 0x000001ee1011d390 code [0x000001ee1011d540, 0x000001ee1011d5f8]

GC Heap History (0 events):
No events

Deoptimization events (20 events):
Event: 2.234 Thread 0x000001ee77e1f000 DEOPT PACKING pc=0x000001ee08c83072 sp=0x0000008be31fd6f0
Event: 2.234 Thread 0x000001ee77e1f000 DEOPT UNPACKING pc=0x000001ee08655ebf sp=0x0000008be31fcb68 mode 0
Event: 2.235 Thread 0x000001ee77e1f000 DEOPT PACKING pc=0x000001ee08c83072 sp=0x0000008be31fd6f0
Event: 2.235 Thread 0x000001ee77e1f000 DEOPT UNPACKING pc=0x000001ee08655ebf sp=0x0000008be31fcb68 mode 0
Event: 2.264 Thread 0x000001ee77e1f000 Uncommon trap: trap_request=0xffffffde fr.pc=0x000001ee1011aa68 relative=0x0000000000000648
Event: 2.264 Thread 0x000001ee77e1f000 Uncommon trap: reason=class_check action=maybe_recompile pc=0x000001ee1011aa68 method=java.util.HashMap.putVal(ILjava/lang/Object;Ljava/lang/Object;ZZ)Ljava/lang/Object; @ 203 c2
Event: 2.264 Thread 0x000001ee77e1f000 DEOPT PACKING pc=0x000001ee1011aa68 sp=0x0000008be31fdab0
Event: 2.264 Thread 0x000001ee77e1f000 DEOPT UNPACKING pc=0x000001ee08655aa9 sp=0x0000008be31fd9c8 mode 2
Event: 2.264 Thread 0x000001ee77e1f000 Uncommon trap: trap_request=0xffffffde fr.pc=0x000001ee1011aa68 relative=0x0000000000000648
Event: 2.264 Thread 0x000001ee77e1f000 Uncommon trap: reason=class_check action=maybe_recompile pc=0x000001ee1011aa68 method=java.util.HashMap.putVal(ILjava/lang/Object;Ljava/lang/Object;ZZ)Ljava/lang/Object; @ 203 c2
Event: 2.264 Thread 0x000001ee77e1f000 DEOPT PACKING pc=0x000001ee1011aa68 sp=0x0000008be31fdab0
Event: 2.264 Thread 0x000001ee77e1f000 DEOPT UNPACKING pc=0x000001ee08655aa9 sp=0x0000008be31fd9c8 mode 2
Event: 2.264 Thread 0x000001ee77e1f000 Uncommon trap: trap_request=0xffffffde fr.pc=0x000001ee1011aa68 relative=0x0000000000000648
Event: 2.264 Thread 0x000001ee77e1f000 Uncommon trap: reason=class_check action=maybe_recompile pc=0x000001ee1011aa68 method=java.util.HashMap.putVal(ILjava/lang/Object;Ljava/lang/Object;ZZ)Ljava/lang/Object; @ 203 c2
Event: 2.264 Thread 0x000001ee77e1f000 DEOPT PACKING pc=0x000001ee1011aa68 sp=0x0000008be31fdab0
Event: 2.264 Thread 0x000001ee77e1f000 DEOPT UNPACKING pc=0x000001ee08655aa9 sp=0x0000008be31fd9c8 mode 2
Event: 2.265 Thread 0x000001ee77e1f000 Uncommon trap: trap_request=0xffffffde fr.pc=0x000001ee1011aa68 relative=0x0000000000000648
Event: 2.265 Thread 0x000001ee77e1f000 Uncommon trap: reason=class_check action=maybe_recompile pc=0x000001ee1011aa68 method=java.util.HashMap.putVal(ILjava/lang/Object;Ljava/lang/Object;ZZ)Ljava/lang/Object; @ 203 c2
Event: 2.265 Thread 0x000001ee77e1f000 DEOPT PACKING pc=0x000001ee1011aa68 sp=0x0000008be31fdab0
Event: 2.265 Thread 0x000001ee77e1f000 DEOPT UNPACKING pc=0x000001ee08655aa9 sp=0x0000008be31fd9c8 mode 2

Classes redefined (0 events):
No events

Internal exceptions (10 events):
Event: 1.964 Thread 0x000001ee77e1f000 Exception <a 'java/lang/ClassNotFoundException'{0x00000000eb00b2a0}: sun/net/www/protocol/c/Handler> (0x00000000eb00b2a0) thrown at [./src/hotspot/share/classfile/systemDictionary.cpp, line 231]
Event: 1.978 Thread 0x000001ee77e1f000 Exception <a 'java/io/FileNotFoundException'{0x00000000eb021a10}> (0x00000000eb021a10) thrown at [./src/hotspot/share/prims/jni.cpp, line 615]
Event: 1.979 Thread 0x000001ee77e1f000 Exception <a 'java/io/FileNotFoundException'{0x00000000eb022828}> (0x00000000eb022828) thrown at [./src/hotspot/share/prims/jni.cpp, line 615]
Event: 1.980 Thread 0x000001ee77e1f000 Exception <a 'java/io/FileNotFoundException'{0x00000000eb023500}> (0x00000000eb023500) thrown at [./src/hotspot/share/prims/jni.cpp, line 615]
Event: 1.981 Thread 0x000001ee77e1f000 Exception <a 'java/io/FileNotFoundException'{0x00000000eb0241e8}> (0x00000000eb0241e8) thrown at [./src/hotspot/share/prims/jni.cpp, line 615]
Event: 1.992 Thread 0x000001ee77e1f000 Exception <a 'java/io/FileNotFoundException'{0x00000000eb040338}> (0x00000000eb040338) thrown at [./src/hotspot/share/prims/jni.cpp, line 615]
Event: 2.288 Thread 0x000001ee77e1f000 Exception <a 'java/lang/ClassNotFoundException'{0x00000000eb78daf8}: sun/net/www/protocol/c/Handler> (0x00000000eb78daf8) thrown at [./src/hotspot/share/classfile/systemDictionary.cpp, line 231]
Event: 2.289 Thread 0x000001ee77e1f000 Exception <a 'java/lang/ClassNotFoundException'{0x00000000eb78efd8}: sun/net/www/protocol/c/Handler> (0x00000000eb78efd8) thrown at [./src/hotspot/share/classfile/systemDictionary.cpp, line 231]
Event: 2.290 Thread 0x000001ee77e1f000 Exception <a 'java/lang/ClassNotFoundException'{0x00000000eb790320}: sun/net/www/protocol/c/Handler> (0x00000000eb790320) thrown at [./src/hotspot/share/classfile/systemDictionary.cpp, line 231]
Event: 2.312 Thread 0x000001ee77e1f000 Exception <a 'java/io/FileNotFoundException'{0x00000000eb7af7d0}> (0x00000000eb7af7d0) thrown at [./src/hotspot/share/prims/jni.cpp, line 615]

Events (20 events):
Event: 2.317 loading class org/eclipse/osgi/internal/debug/Debug done
Event: 2.318 loading class org/eclipse/osgi/service/debug/DebugOptionsListener
Event: 2.318 loading class org/eclipse/osgi/service/debug/DebugOptionsListener done
Event: 2.320 loading class org/eclipse/osgi/internal/util/SupplementDebug
Event: 2.320 loading class org/eclipse/osgi/internal/util/SupplementDebug done
Event: 2.321 loading class org/eclipse/osgi/util/ManifestElement
Event: 2.321 loading class org/eclipse/osgi/util/ManifestElement done
Event: 2.322 Loaded shared library C:\Program Files\AdoptOpenJDK\jdk-11.0.11.9-hotspot\bin\java.dll
Event: 2.324 loading class org/eclipse/osgi/internal/log/EquinoxLogServices
Event: 2.324 loading class org/eclipse/osgi/internal/log/EquinoxLogServices done
Event: 2.325 loading class org/eclipse/osgi/internal/log/EquinoxLogWriter
Event: 2.325 loading class org/eclipse/osgi/internal/log/EquinoxLogWriter done
Event: 2.327 loading class org/eclipse/equinox/log/SynchronousLogListener
Event: 2.327 loading class org/eclipse/equinox/log/SynchronousLogListener done
Event: 2.328 loading class org/osgi/service/log/LogListener
Event: 2.328 loading class org/osgi/service/log/LogListener done
Event: 2.329 loading class org/eclipse/equinox/log/LogFilter
Event: 2.329 loading class org/eclipse/equinox/log/LogFilter done
Event: 2.330 loading class org/osgi/service/log/LogLevel
Event: 2.330 loading class org/osgi/service/log/LogLevel done


Dynamic libraries:
0x00007ff6bd2d0000 - 0x00007ff6bd2dd000 	C:\Program Files\AdoptOpenJDK\jdk-11.0.11.9-hotspot\bin\java.exe
0x00007ffd66390000 - 0x00007ffd66585000 	C:\WINDOWS\SYSTEM32\ntdll.dll
0x00007ffd4db50000 - 0x00007ffd4db63000 	C:\Program Files\AVAST Software\Avast\aswhook.dll
0x00007ffd64780000 - 0x00007ffd6483d000 	C:\WINDOWS\System32\KERNEL32.DLL
0x00007ffd63fd0000 - 0x00007ffd64298000 	C:\WINDOWS\System32\KERNELBASE.dll
0x00007ffd642a0000 - 0x00007ffd643a0000 	C:\WINDOWS\System32\ucrtbase.dll
0x00007ffd355a0000 - 0x00007ffd355b7000 	C:\Program Files\AdoptOpenJDK\jdk-11.0.11.9-hotspot\bin\jli.dll
0x00007ffd35580000 - 0x00007ffd35595000 	C:\Program Files\AdoptOpenJDK\jdk-11.0.11.9-hotspot\bin\VCRUNTIME140.dll
0x00007ffd64870000 - 0x00007ffd64a10000 	C:\WINDOWS\System32\USER32.dll
0x00007ffd63f10000 - 0x00007ffd63f32000 	C:\WINDOWS\System32\win32u.dll
0x00007ffd62d90000 - 0x00007ffd6302a000 	C:\WINDOWS\WinSxS\amd64_microsoft.windows.common-controls_6595b64144ccf1df_6.0.19041.1052_none_60b8f8fd71f5e8cb\COMCTL32.dll
0x00007ffd64a10000 - 0x00007ffd64a3a000 	C:\WINDOWS\System32\GDI32.dll
0x00007ffd65f50000 - 0x00007ffd65fee000 	C:\WINDOWS\System32\msvcrt.dll
0x00007ffd63e00000 - 0x00007ffd63f0b000 	C:\WINDOWS\System32\gdi32full.dll
0x00007ffd63cb0000 - 0x00007ffd63d4d000 	C:\WINDOWS\System32\msvcp_win.dll
0x00007ffd64840000 - 0x00007ffd64870000 	C:\WINDOWS\System32\IMM32.DLL
0x00007ffd2b350000 - 0x00007ffd2b3eb000 	C:\Program Files\AdoptOpenJDK\jdk-11.0.11.9-hotspot\bin\msvcp140.dll
0x00007ffd1e1b0000 - 0x00007ffd1ecfb000 	C:\Program Files\AdoptOpenJDK\jdk-11.0.11.9-hotspot\bin\server\jvm.dll
0x00007ffd64f40000 - 0x00007ffd64fec000 	C:\WINDOWS\System32\ADVAPI32.dll
0x00007ffd645b0000 - 0x00007ffd6464b000 	C:\WINDOWS\System32\sechost.dll
0x00007ffd64650000 - 0x00007ffd6477b000 	C:\WINDOWS\System32\RPCRT4.dll
0x00007ffd65ff0000 - 0x00007ffd65ff8000 	C:\WINDOWS\System32\PSAPI.DLL
0x00007ffd53c90000 - 0x00007ffd53c99000 	C:\WINDOWS\SYSTEM32\WSOCK32.dll
0x00007ffd5dd50000 - 0x00007ffd5dd5a000 	C:\WINDOWS\SYSTEM32\VERSION.dll
0x00007ffd5ab30000 - 0x00007ffd5ab57000 	C:\WINDOWS\SYSTEM32\WINMM.dll
0x00007ffd65070000 - 0x00007ffd650db000 	C:\WINDOWS\System32\WS2_32.dll
0x00007ffd613d0000 - 0x00007ffd613e2000 	C:\WINDOWS\SYSTEM32\kernel.appcore.dll
0x00007ffd4c7e0000 - 0x00007ffd4c7f0000 	C:\Program Files\AdoptOpenJDK\jdk-11.0.11.9-hotspot\bin\verify.dll
0x00007ffd63260000 - 0x00007ffd63444000 	C:\WINDOWS\SYSTEM32\DBGHELP.DLL
0x00007ffd63230000 - 0x00007ffd6325c000 	C:\WINDOWS\SYSTEM32\dbgcore.DLL
0x00007ffd63f40000 - 0x00007ffd63fc3000 	C:\WINDOWS\System32\bcryptPrimitives.dll
0x00007ffd47580000 - 0x00007ffd475a8000 	C:\Program Files\AdoptOpenJDK\jdk-11.0.11.9-hotspot\bin\java.dll
0x00007ffd4c7d0000 - 0x00007ffd4c7da000 	C:\Program Files\AdoptOpenJDK\jdk-11.0.11.9-hotspot\bin\jimage.dll
0x00007ffd35560000 - 0x00007ffd35577000 	C:\Program Files\AdoptOpenJDK\jdk-11.0.11.9-hotspot\bin\zip.dll
0x00007ffd65550000 - 0x00007ffd65c8f000 	C:\WINDOWS\System32\SHELL32.dll
0x00007ffd615d0000 - 0x00007ffd61d60000 	C:\WINDOWS\SYSTEM32\windows.storage.dll
0x00007ffd64a40000 - 0x00007ffd64d95000 	C:\WINDOWS\System32\combase.dll
0x00007ffd63090000 - 0x00007ffd630bc000 	C:\WINDOWS\SYSTEM32\Wldp.dll
0x00007ffd64e90000 - 0x00007ffd64f3e000 	C:\WINDOWS\System32\SHCORE.dll
0x00007ffd64e30000 - 0x00007ffd64e85000 	C:\WINDOWS\System32\shlwapi.dll
0x00007ffd63a10000 - 0x00007ffd63a2f000 	C:\WINDOWS\SYSTEM32\profapi.dll
0x00007ffd2fc90000 - 0x00007ffd2fca9000 	C:\Program Files\AdoptOpenJDK\jdk-11.0.11.9-hotspot\bin\net.dll
0x00007ffd568f0000 - 0x00007ffd569fb000 	C:\WINDOWS\SYSTEM32\WINHTTP.dll
0x00007ffd62b80000 - 0x00007ffd62bea000 	C:\WINDOWS\system32\mswsock.dll
0x00007ffd2b640000 - 0x00007ffd2b652000 	C:\Program Files\AdoptOpenJDK\jdk-11.0.11.9-hotspot\bin\nio.dll
0x00007ffd4c7c0000 - 0x00007ffd4c7ce000 	C:\Program Files\AdoptOpenJDK\jdk-11.0.11.9-hotspot\bin\sunmscapi.dll
0x00007ffd63b50000 - 0x00007ffd63caf000 	C:\WINDOWS\System32\CRYPT32.dll
0x00007ffd63100000 - 0x00007ffd63127000 	C:\WINDOWS\SYSTEM32\ncrypt.dll
0x00007ffd630c0000 - 0x00007ffd630fb000 	C:\WINDOWS\SYSTEM32\NTASN1.dll
0x00007ffd2afa0000 - 0x00007ffd2afc5000 	C:\Program Files\AdoptOpenJDK\jdk-11.0.11.9-hotspot\bin\sunec.dll

dbghelp: loaded successfully - version: 4.0.5 - missing functions: none
symbol engine: initialized successfully - sym options: 0x614 - pdb path: .;C:\Program Files\AdoptOpenJDK\jdk-11.0.11.9-hotspot\bin;C:\WINDOWS\SYSTEM32;C:\Program Files\AVAST Software\Avast;C:\WINDOWS\WinSxS\amd64_microsoft.windows.common-controls_6595b64144ccf1df_6.0.19041.1052_none_60b8f8fd71f5e8cb;C:\Program Files\AdoptOpenJDK\jdk-11.0.11.9-hotspot\bin\server

VM Arguments:
jvm_args: --add-modules=ALL-SYSTEM --add-opens=java.base/java.util=ALL-UNNAMED --add-opens=java.base/java.lang=ALL-UNNAMED -Declipse.application=org.eclipse.jdt.ls.core.id1 -Dosgi.bundles.defaultStartLevel=4 -Declipse.product=org.eclipse.jdt.ls.core.product -Dfile.encoding=utf8 -DwatchParentProcess=false -XX:+UseParallelGC -XX:GCTimeRatio=4 -XX:AdaptiveSizePolicyWeight=90 -Dsun.zip.disableMemoryMapping=true -Xmx1G -Xms100m -Xverify:none 
java_command: c:\Users\LORENA\.vscode\extensions\redhat.java-0.80.0\server\plugins\org.eclipse.equinox.launcher_1.6.200.v20210416-2027.jar -configuration c:\Users\LORENA\AppData\Roaming\Code\User\globalStorage\redhat.java\0.80.0\config_win -data c:\Users\LORENA\AppData\Roaming\Code\User\workspaceStorage\2366743ed94966f7dc0ab6664a00cc47\redhat.java\jdt_ws
java_class_path (initial): c:\Users\LORENA\.vscode\extensions\redhat.java-0.80.0\server\plugins\org.eclipse.equinox.launcher_1.6.200.v20210416-2027.jar
Launcher Type: SUN_STANDARD

[Global flags]
    uintx AdaptiveSizePolicyWeight                 = 90                                        {product} {command line}
     bool BytecodeVerificationLocal                = false                                     {product} {command line}
     bool BytecodeVerificationRemote               = false                                     {product} {command line}
     intx CICompilerCount                          = 3                                         {product} {ergonomic}
    uintx GCTimeRatio                              = 4                                         {product} {command line}
   size_t InitialHeapSize                          = 104857600                                 {product} {command line}
   size_t MaxHeapSize                              = 1073741824                                {product} {command line}
   size_t MaxNewSize                               = 357564416                                 {product} {ergonomic}
   size_t MinHeapDeltaBytes                        = 524288                                    {product} {ergonomic}
   size_t NewSize                                  = 34603008                                  {product} {ergonomic}
    uintx NonNMethodCodeHeapSize                   = 5830732                                {pd product} {ergonomic}
    uintx NonProfiledCodeHeapSize                  = 122913754                              {pd product} {ergonomic}
   size_t OldSize                                  = 70254592                                  {product} {ergonomic}
    uintx ProfiledCodeHeapSize                     = 122913754                              {pd product} {ergonomic}
    uintx ReservedCodeCacheSize                    = 251658240                              {pd product} {ergonomic}
     bool SegmentedCodeCache                       = true                                      {product} {ergonomic}
     bool UseCompressedClassPointers               = true                                 {lp64_product} {ergonomic}
     bool UseCompressedOops                        = true                                 {lp64_product} {ergonomic}
     bool UseLargePagesIndividualAllocation        = false                                  {pd product} {ergonomic}
     bool UseParallelGC                            = true                                      {product} {command line}

Logging:
Log output configuration:
 #0: stdout all=warning uptime,level,tags
 #1: stderr all=off uptime,level,tags

Environment Variables:
JAVA_HOME=C:\Program Files\AdoptOpenJDK\jdk-11.0.11.9-hotspot\
PATH=C:\Program Files\AdoptOpenJDK\jdk-11.0.11.9-hotspot\bin;C:\Program Files (x86)\Intel\iCLS Client\;C:\Program Files\Intel\iCLS Client\;C:\WINDOWS\system32;C:\WINDOWS;C:\WINDOWS\System32\Wbem;C:\WINDOWS\System32\WindowsPowerShell\v1.0\;C:\Program Files\Intel\TXE Components\DAL\;C:\Program Files (x86)\Intel\TXE Components\DAL\;C:\Program Files\Intel\TXE Components\IPT\;C:\Program Files (x86)\Intel\TXE Components\IPT\;C:\WINDOWS\System32\OpenSSH\;C:\Program Files\Git\cmd;C:\Program Files\Git\mingw64\bin;C:\Program Files\Git\usr\bin;C:\apache-maven-3.8.1\bin;C:\Users\LORENA\AppData\Local\Programs\Python\Python39\Scripts\;C:\Users\LORENA\AppData\Local\Programs\Python\Python39\;C:\Users\LORENA\AppData\Local\Microsoft\WindowsApps;C:\Program Files\JetBrains\PyCharm Community Edition 2021.1\bin;;C:\Users\LORENA\AppData\Local\Programs\Microsoft VS Code\bin;C:\Users\LORENA\AppData\Local\GitHubDesktop\bin
USERNAME=LORENA
OS=Windows_NT
PROCESSOR_IDENTIFIER=Intel64 Family 6 Model 92 Stepping 9, GenuineIntel



---------------  S Y S T E M  ---------------

OS: Windows 10 , 64 bit Build 19041 (10.0.19041.1023)
OS uptime: 0 days 2:45 hours

CPU:total 4 (initial active 4) (4 cores per cpu, 1 threads per core) family 6 model 92 stepping 9 microcode 0x32, cmov, cx8, fxsr, mmx, sse, sse2, sse3, ssse3, sse4.1, sse4.2, popcnt, aes, clmul, erms, 3dnowpref, tsc, tscinvbit, sha

Memory: 4k page, system-wide physical 3936M (271M free)
TotalPageFile size 5936M (AvailPageFile size 5M)
current process WorkingSet (physical memory assigned to process): 54M, peak: 54M
current process commit charge ("private bytes"): 185M, peak: 185M

vm_info: OpenJDK 64-Bit Server VM (11.0.11+9) for windows-amd64 JRE (11.0.11+9), built on Apr 20 2021 21:22:09 by "" with MS VC++ 15.9 (VS2017)

END.
